This is XeTeX, Version 3.141592653-2.6-0.999996 (TeX Live 2024) (preloaded format=xelatex 2025.2.17)  21 FEB 2025 09:29
entering extended mode
 restricted \write18 enabled.
 %&-line parsing enabled.
**_main.tex
(./_main.tex
LaTeX2e <2024-11-01> patch level 2
L3 programming layer <2025-01-18>
(c:/Users/shere/AppData/Roaming/TinyTeX/texmf-dist/tex/latex/base/book.cls
Document Class: book 2024/06/29 v1.4n Standard LaTeX document class
(c:/Users/shere/AppData/Roaming/TinyTeX/texmf-dist/tex/latex/base/bk10.clo
File: bk10.clo 2024/06/29 v1.4n Standard LaTeX file (size option)
)
\c@part=\count192
\c@chapter=\count193
\c@section=\count194
\c@subsection=\count195
\c@subsubsection=\count196
\c@paragraph=\count197
\c@subparagraph=\count198
\c@figure=\count199
\c@table=\count266
\abovecaptionskip=\skip49
\belowcaptionskip=\skip50
\bibindent=\dimen141
) (c:/Users/shere/AppData/Roaming/TinyTeX/texmf-dist/tex/latex/amsmath/amsmath.sty
Package: amsmath 2024/11/05 v2.17t AMS math features
\@mathmargin=\skip51
For additional information on amsmath, use the `?' option.
(c:/Users/shere/AppData/Roaming/TinyTeX/texmf-dist/tex/latex/amsmath/amstext.sty
Package: amstext 2021/08/26 v2.01 AMS text
(c:/Users/shere/AppData/Roaming/TinyTeX/texmf-dist/tex/latex/amsmath/amsgen.sty
File: amsgen.sty 1999/11/30 v2.0 generic functions
\@emptytoks=\toks17
\ex@=\dimen142
)) (c:/Users/shere/AppData/Roaming/TinyTeX/texmf-dist/tex/latex/amsmath/amsbsy.sty
Package: amsbsy 1999/11/29 v1.2d Bold Symbols
\pmbraise@=\dimen143
) (c:/Users/shere/AppData/Roaming/TinyTeX/texmf-dist/tex/latex/amsmath/amsopn.sty
Package: amsopn 2022/04/08 v2.04 operator names
)
\inf@bad=\count267
LaTeX Info: Redefining \frac on input line 233.
\uproot@=\count268
\leftroot@=\count269
LaTeX Info: Redefining \overline on input line 398.
LaTeX Info: Redefining \colon on input line 409.
\classnum@=\count270
\DOTSCASE@=\count271
LaTeX Info: Redefining \ldots on input line 495.
LaTeX Info: Redefining \dots on input line 498.
LaTeX Info: Redefining \cdots on input line 619.
\Mathstrutbox@=\box52
\strutbox@=\box53
LaTeX Info: Redefining \big on input line 721.
LaTeX Info: Redefining \Big on input line 722.
LaTeX Info: Redefining \bigg on input line 723.
LaTeX Info: Redefining \Bigg on input line 724.
\big@size=\dimen144
LaTeX Font Info:    Redeclaring font encoding OML on input line 742.
LaTeX Font Info:    Redeclaring font encoding OMS on input line 743.
\macc@depth=\count272
LaTeX Info: Redefining \bmod on input line 904.
LaTeX Info: Redefining \pmod on input line 909.
LaTeX Info: Redefining \smash on input line 939.
LaTeX Info: Redefining \relbar on input line 969.
LaTeX Info: Redefining \Relbar on input line 970.
\c@MaxMatrixCols=\count273
\dotsspace@=\muskip17
\c@parentequation=\count274
\dspbrk@lvl=\count275
\tag@help=\toks18
\row@=\count276
\column@=\count277
\maxfields@=\count278
\andhelp@=\toks19
\eqnshift@=\dimen145
\alignsep@=\dimen146
\tagshift@=\dimen147
\tagwidth@=\dimen148
\totwidth@=\dimen149
\lineht@=\dimen150
\@envbody=\toks20
\multlinegap=\skip52
\multlinetaggap=\skip53
\mathdisplay@stack=\toks21
LaTeX Info: Redefining \[ on input line 2953.
LaTeX Info: Redefining \] on input line 2954.
) (c:/Users/shere/AppData/Roaming/TinyTeX/texmf-dist/tex/latex/amsfonts/amssymb.sty
Package: amssymb 2013/01/14 v3.01 AMS font symbols
(c:/Users/shere/AppData/Roaming/TinyTeX/texmf-dist/tex/latex/amsfonts/amsfonts.sty
Package: amsfonts 2013/01/14 v3.01 Basic AMSFonts support
\symAMSa=\mathgroup4
\symAMSb=\mathgroup5
LaTeX Font Info:    Redeclaring math symbol \hbar on input line 98.
LaTeX Font Info:    Overwriting math alphabet `\mathfrak' in version `bold'
(Font)                  U/euf/m/n --> U/euf/b/n on input line 106.
)) (c:/Users/shere/AppData/Roaming/TinyTeX/texmf-dist/tex/generic/iftex/iftex.sty
Package: iftex 2024/12/12 v1.0g TeX engine tests
) (c:/Users/shere/AppData/Roaming/TinyTeX/texmf-dist/tex/latex/unicode-math/unicode-math.sty (c:/Users/shere/AppData/Roaming/TinyTeX/texmf-dist/tex/latex/l3kernel/expl3.sty
Package: expl3 2025-01-18 L3 programming layer (loader) 
(c:/Users/shere/AppData/Roaming/TinyTeX/texmf-dist/tex/latex/l3backend/l3backend-xetex.def
File: l3backend-xetex.def 2024-05-08 L3 backend support: XeTeX
\g__graphics_track_int=\count279
\l__pdf_internal_box=\box54
\g__pdf_backend_annotation_int=\count280
\g__pdf_backend_link_int=\count281
))
Package: unicode-math 2023/08/13 v0.8r Unicode maths in XeLaTeX and LuaLaTeX
(c:/Users/shere/AppData/Roaming/TinyTeX/texmf-dist/tex/latex/unicode-math/unicode-math-xetex.sty
Package: unicode-math-xetex 2023/08/13 v0.8r Unicode maths in XeLaTeX and LuaLaTeX
(c:/Users/shere/AppData/Roaming/TinyTeX/texmf-dist/tex/latex/l3packages/xparse/xparse.sty
Package: xparse 2024-08-16 L3 Experimental document command parser
) (c:/Users/shere/AppData/Roaming/TinyTeX/texmf-dist/tex/latex/l3packages/l3keys2e/l3keys2e.sty
Package: l3keys2e 2024-08-16 LaTeX2e option processing using LaTeX3 keys
) (c:/Users/shere/AppData/Roaming/TinyTeX/texmf-dist/tex/latex/fontspec/fontspec.sty
Package: fontspec 2024/05/11 v2.9e Font selection for XeLaTeX and LuaLaTeX
(c:/Users/shere/AppData/Roaming/TinyTeX/texmf-dist/tex/latex/fontspec/fontspec-xetex.sty
Package: fontspec-xetex 2024/05/11 v2.9e Font selection for XeLaTeX and LuaLaTeX
\l__fontspec_script_int=\count282
\l__fontspec_language_int=\count283
\l__fontspec_strnum_int=\count284
\l__fontspec_tmp_int=\count285
\l__fontspec_tmpa_int=\count286
\l__fontspec_tmpb_int=\count287
\l__fontspec_tmpc_int=\count288
\l__fontspec_em_int=\count289
\l__fontspec_emdef_int=\count290
\l__fontspec_strong_int=\count291
\l__fontspec_strongdef_int=\count292
\l__fontspec_tmpa_dim=\dimen151
\l__fontspec_tmpb_dim=\dimen152
\l__fontspec_tmpc_dim=\dimen153
(c:/Users/shere/AppData/Roaming/TinyTeX/texmf-dist/tex/latex/base/fontenc.sty
Package: fontenc 2021/04/29 v2.0v Standard LaTeX package
) (c:/Users/shere/AppData/Roaming/TinyTeX/texmf-dist/tex/latex/fontspec/fontspec.cfg))) (c:/Users/shere/AppData/Roaming/TinyTeX/texmf-dist/tex/latex/base/fix-cm.sty
Package: fix-cm 2020/11/24 v1.1t fixes to LaTeX
(c:/Users/shere/AppData/Roaming/TinyTeX/texmf-dist/tex/latex/base/ts1enc.def
File: ts1enc.def 2001/06/05 v3.0e (jk/car/fm) Standard LaTeX file
LaTeX Font Info:    Redeclaring font encoding TS1 on input line 47.
))
\g__um_fam_int=\count293
\g__um_fonts_used_int=\count294
\l__um_primecount_int=\count295
\g__um_primekern_muskip=\muskip18
(c:/Users/shere/AppData/Roaming/TinyTeX/texmf-dist/tex/latex/unicode-math/unicode-math-table.tex))) (c:/Users/shere/AppData/Roaming/TinyTeX/texmf-dist/tex/latex/lm/lmodern.sty
Package: lmodern 2015/05/01 v1.6.1 Latin Modern Fonts
LaTeX Font Info:    Overwriting symbol font `operators' in version `normal'
(Font)                  OT1/cmr/m/n --> OT1/lmr/m/n on input line 22.
LaTeX Font Info:    Overwriting symbol font `letters' in version `normal'
(Font)                  OML/cmm/m/it --> OML/lmm/m/it on input line 23.
LaTeX Font Info:    Overwriting symbol font `symbols' in version `normal'
(Font)                  OMS/cmsy/m/n --> OMS/lmsy/m/n on input line 24.
LaTeX Font Info:    Overwriting symbol font `largesymbols' in version `normal'
(Font)                  OMX/cmex/m/n --> OMX/lmex/m/n on input line 25.
LaTeX Font Info:    Overwriting symbol font `operators' in version `bold'
(Font)                  OT1/cmr/bx/n --> OT1/lmr/bx/n on input line 26.
LaTeX Font Info:    Overwriting symbol font `letters' in version `bold'
(Font)                  OML/cmm/b/it --> OML/lmm/b/it on input line 27.
LaTeX Font Info:    Overwriting symbol font `symbols' in version `bold'
(Font)                  OMS/cmsy/b/n --> OMS/lmsy/b/n on input line 28.
LaTeX Font Info:    Overwriting symbol font `largesymbols' in version `bold'
(Font)                  OMX/cmex/m/n --> OMX/lmex/m/n on input line 29.
LaTeX Font Info:    Overwriting math alphabet `\mathbf' in version `normal'
(Font)                  OT1/cmr/bx/n --> OT1/lmr/bx/n on input line 31.
LaTeX Font Info:    Overwriting math alphabet `\mathsf' in version `normal'
(Font)                  OT1/cmss/m/n --> OT1/lmss/m/n on input line 32.
LaTeX Font Info:    Overwriting math alphabet `\mathit' in version `normal'
(Font)                  OT1/cmr/m/it --> OT1/lmr/m/it on input line 33.
LaTeX Font Info:    Overwriting math alphabet `\mathtt' in version `normal'
(Font)                  OT1/cmtt/m/n --> OT1/lmtt/m/n on input line 34.
LaTeX Font Info:    Overwriting math alphabet `\mathbf' in version `bold'
(Font)                  OT1/cmr/bx/n --> OT1/lmr/bx/n on input line 35.
LaTeX Font Info:    Overwriting math alphabet `\mathsf' in version `bold'
(Font)                  OT1/cmss/bx/n --> OT1/lmss/bx/n on input line 36.
LaTeX Font Info:    Overwriting math alphabet `\mathit' in version `bold'
(Font)                  OT1/cmr/bx/it --> OT1/lmr/bx/it on input line 37.
LaTeX Font Info:    Overwriting math alphabet `\mathtt' in version `bold'
(Font)                  OT1/cmtt/m/n --> OT1/lmtt/m/n on input line 38.
) (c:/Users/shere/AppData/Roaming/TinyTeX/texmf-dist/tex/latex/xcolor/xcolor.sty
Package: xcolor 2024/09/29 v3.02 LaTeX color extensions (UK)
(c:/Users/shere/AppData/Roaming/TinyTeX/texmf-dist/tex/latex/graphics-cfg/color.cfg
File: color.cfg 2016/01/02 v1.6 sample color configuration
)
Package xcolor Info: Driver file: xetex.def on input line 274.
(c:/Users/shere/AppData/Roaming/TinyTeX/texmf-dist/tex/latex/graphics-def/xetex.def
File: xetex.def 2022/09/22 v5.0n Graphics/color driver for xetex
) (c:/Users/shere/AppData/Roaming/TinyTeX/texmf-dist/tex/latex/graphics/mathcolor.ltx)
Package xcolor Info: Model `cmy' substituted by `cmy0' on input line 1349.
Package xcolor Info: Model `RGB' extended on input line 1365.
Package xcolor Info: Model `HTML' substituted by `rgb' on input line 1367.
Package xcolor Info: Model `Hsb' substituted by `hsb' on input line 1368.
Package xcolor Info: Model `tHsb' substituted by `hsb' on input line 1369.
Package xcolor Info: Model `HSB' substituted by `hsb' on input line 1370.
Package xcolor Info: Model `Gray' substituted by `gray' on input line 1371.
Package xcolor Info: Model `wave' substituted by `hsb' on input line 1372.
) (c:/Users/shere/AppData/Roaming/TinyTeX/texmf-dist/tex/latex/fancyvrb/fancyvrb.sty
Package: fancyvrb 2024/01/20 4.5c verbatim text (tvz,hv)
(c:/Users/shere/AppData/Roaming/TinyTeX/texmf-dist/tex/latex/graphics/keyval.sty
Package: keyval 2022/05/29 v1.15 key=value parser (DPC)
\KV@toks@=\toks22
)
\FV@CodeLineNo=\count296
\FV@InFile=\read2
\FV@TabBox=\box55
\c@FancyVerbLine=\count297
\FV@StepNumber=\count298
\FV@OutFile=\write3
) (c:/Users/shere/AppData/Roaming/TinyTeX/texmf-dist/tex/latex/framed/framed.sty
Package: framed 2011/10/22 v 0.96: framed or shaded text with page breaks
\OuterFrameSep=\skip54
\fb@frw=\dimen154
\fb@frh=\dimen155
\FrameRule=\dimen156
\FrameSep=\dimen157
) (c:/Users/shere/AppData/Roaming/TinyTeX/texmf-dist/tex/latex/tools/longtable.sty
Package: longtable 2024-10-27 v4.22 Multi-page Table package (DPC)
\LTleft=\skip55
\LTright=\skip56
\LTpre=\skip57
\LTpost=\skip58
\LTchunksize=\count299
\LTcapwidth=\dimen158
\LT@head=\box56
\LT@firsthead=\box57
\LT@foot=\box58
\LT@lastfoot=\box59
\LT@gbox=\box60
\LT@cols=\count300
\LT@rows=\count301
\c@LT@tables=\count302
\c@LT@chunks=\count303
\LT@p@ftn=\toks23
) (c:/Users/shere/AppData/Roaming/TinyTeX/texmf-dist/tex/latex/booktabs/booktabs.sty
Package: booktabs 2020/01/12 v1.61803398 Publication quality tables
\heavyrulewidth=\dimen159
\lightrulewidth=\dimen160
\cmidrulewidth=\dimen161
\belowrulesep=\dimen162
\belowbottomsep=\dimen163
\aboverulesep=\dimen164
\abovetopsep=\dimen165
\cmidrulesep=\dimen166
\cmidrulekern=\dimen167
\defaultaddspace=\dimen168
\@cmidla=\count304
\@cmidlb=\count305
\@aboverulesep=\dimen169
\@belowrulesep=\dimen170
\@thisruleclass=\count306
\@lastruleclass=\count307
\@thisrulewidth=\dimen171
) (c:/Users/shere/AppData/Roaming/TinyTeX/texmf-dist/tex/latex/tools/array.sty
Package: array 2024/10/17 v2.6g Tabular extension package (FMi)
\col@sep=\dimen172
\ar@mcellbox=\box61
\extrarowheight=\dimen173
\NC@list=\toks24
\extratabsurround=\skip59
\backup@length=\skip60
\ar@cellbox=\box62
) (c:/Users/shere/AppData/Roaming/TinyTeX/texmf-dist/tex/latex/tools/calc.sty
Package: calc 2023/07/08 v4.3 Infix arithmetic (KKT,FJ)
\calc@Acount=\count308
\calc@Bcount=\count309
\calc@Adimen=\dimen174
\calc@Bdimen=\dimen175
\calc@Askip=\skip61
\calc@Bskip=\skip62
LaTeX Info: Redefining \setlength on input line 80.
LaTeX Info: Redefining \addtolength on input line 81.
\calc@Ccount=\count310
\calc@Cskip=\skip63
) (c:/Users/shere/AppData/Roaming/TinyTeX/texmf-dist/tex/latex/etoolbox/etoolbox.sty
Package: etoolbox 2025/02/11 v2.5l e-TeX tools for LaTeX (JAW)
\etb@tempcnta=\count311
) (c:/Users/shere/AppData/Roaming/TinyTeX/texmf-dist/tex/latex/mdwtools/footnote.sty
Package: footnote 1997/01/28 1.13 Save footnotes around boxes
\fn@notes=\box63
\fn@width=\dimen176
) (c:/Users/shere/AppData/Roaming/TinyTeX/texmf-dist/tex/latex/graphics/graphicx.sty
Package: graphicx 2021/09/16 v1.2d Enhanced LaTeX Graphics (DPC,SPQR)
(c:/Users/shere/AppData/Roaming/TinyTeX/texmf-dist/tex/latex/graphics/graphics.sty
Package: graphics 2024/08/06 v1.4g Standard LaTeX Graphics (DPC,SPQR)
(c:/Users/shere/AppData/Roaming/TinyTeX/texmf-dist/tex/latex/graphics/trig.sty
Package: trig 2023/12/02 v1.11 sin cos tan (DPC)
) (c:/Users/shere/AppData/Roaming/TinyTeX/texmf-dist/tex/latex/graphics-cfg/graphics.cfg
File: graphics.cfg 2016/06/04 v1.11 sample graphics configuration
)
Package graphics Info: Driver file: xetex.def on input line 106.
)
\Gin@req@height=\dimen177
\Gin@req@width=\dimen178
) (c:/Users/shere/AppData/Roaming/TinyTeX/texmf-dist/tex/latex/natbib/natbib.sty
Package: natbib 2010/09/13 8.31b (PWD, AO)
\bibhang=\skip64
\bibsep=\skip65
LaTeX Info: Redefining \cite on input line 694.
\c@NAT@ctr=\count312
) (c:/Users/shere/AppData/Roaming/TinyTeX/texmf-dist/tex/latex/bookmark/bookmark.sty
Package: bookmark 2023-12-10 v1.31 PDF bookmarks (HO)
(c:/Users/shere/AppData/Roaming/TinyTeX/texmf-dist/tex/latex/hyperref/hyperref.sty
Package: hyperref 2024-11-05 v7.01l Hypertext links for LaTeX
(c:/Users/shere/AppData/Roaming/TinyTeX/texmf-dist/tex/latex/kvsetkeys/kvsetkeys.sty
Package: kvsetkeys 2022-10-05 v1.19 Key value parser (HO)
) (c:/Users/shere/AppData/Roaming/TinyTeX/texmf-dist/tex/generic/kvdefinekeys/kvdefinekeys.sty
Package: kvdefinekeys 2019-12-19 v1.6 Define keys (HO)
) (c:/Users/shere/AppData/Roaming/TinyTeX/texmf-dist/tex/generic/pdfescape/pdfescape.sty
Package: pdfescape 2019/12/09 v1.15 Implements pdfTeX's escape features (HO)
(c:/Users/shere/AppData/Roaming/TinyTeX/texmf-dist/tex/generic/ltxcmds/ltxcmds.sty
Package: ltxcmds 2023-12-04 v1.26 LaTeX kernel commands for general use (HO)
) (c:/Users/shere/AppData/Roaming/TinyTeX/texmf-dist/tex/generic/pdftexcmds/pdftexcmds.sty
Package: pdftexcmds 2020-06-27 v0.33 Utility functions of pdfTeX for LuaTeX (HO)
(c:/Users/shere/AppData/Roaming/TinyTeX/texmf-dist/tex/generic/infwarerr/infwarerr.sty
Package: infwarerr 2019/12/03 v1.5 Providing info/warning/error messages (HO)
)
Package pdftexcmds Info: \pdf@primitive is available.
Package pdftexcmds Info: \pdf@ifprimitive is available.
Package pdftexcmds Info: \pdfdraftmode not found.
)) (c:/Users/shere/AppData/Roaming/TinyTeX/texmf-dist/tex/latex/hycolor/hycolor.sty
Package: hycolor 2020-01-27 v1.10 Color options for hyperref/bookmark (HO)
) (c:/Users/shere/AppData/Roaming/TinyTeX/texmf-dist/tex/latex/hyperref/nameref.sty
Package: nameref 2023-11-26 v2.56 Cross-referencing by name of section
(c:/Users/shere/AppData/Roaming/TinyTeX/texmf-dist/tex/latex/refcount/refcount.sty
Package: refcount 2019/12/15 v3.6 Data extraction from label references (HO)
) (c:/Users/shere/AppData/Roaming/TinyTeX/texmf-dist/tex/generic/gettitlestring/gettitlestring.sty
Package: gettitlestring 2019/12/15 v1.6 Cleanup title references (HO)
(c:/Users/shere/AppData/Roaming/TinyTeX/texmf-dist/tex/latex/kvoptions/kvoptions.sty
Package: kvoptions 2022-06-15 v3.15 Key value format for package options (HO)
))
\c@section@level=\count313
) (c:/Users/shere/AppData/Roaming/TinyTeX/texmf-dist/tex/generic/stringenc/stringenc.sty
Package: stringenc 2019/11/29 v1.12 Convert strings between diff. encodings (HO)
)
\@linkdim=\dimen179
\Hy@linkcounter=\count314
\Hy@pagecounter=\count315
(c:/Users/shere/AppData/Roaming/TinyTeX/texmf-dist/tex/latex/hyperref/pd1enc.def
File: pd1enc.def 2024-11-05 v7.01l Hyperref: PDFDocEncoding definition (HO)
) (c:/Users/shere/AppData/Roaming/TinyTeX/texmf-dist/tex/generic/intcalc/intcalc.sty
Package: intcalc 2019/12/15 v1.3 Expandable calculations with integers (HO)
)
\Hy@SavedSpaceFactor=\count316
(c:/Users/shere/AppData/Roaming/TinyTeX/texmf-dist/tex/latex/hyperref/puenc.def
File: puenc.def 2024-11-05 v7.01l Hyperref: PDF Unicode definition (HO)
)
Package hyperref Info: Option `unicode' set `true' on input line 4040.
Package hyperref Info: Hyper figures OFF on input line 4157.
Package hyperref Info: Link nesting OFF on input line 4162.
Package hyperref Info: Hyper index ON on input line 4165.
Package hyperref Info: Plain pages OFF on input line 4172.
Package hyperref Info: Backreferencing OFF on input line 4177.
Package hyperref Info: Implicit mode ON; LaTeX internals redefined.
Package hyperref Info: Bookmarks ON on input line 4424.
\c@Hy@tempcnt=\count317
(c:/Users/shere/AppData/Roaming/TinyTeX/texmf-dist/tex/latex/url/url.sty
\Urlmuskip=\muskip19
Package: url 2013/09/16  ver 3.4  Verb mode for urls, etc.
)
LaTeX Info: Redefining \url on input line 4763.
\XeTeXLinkMargin=\dimen180
(c:/Users/shere/AppData/Roaming/TinyTeX/texmf-dist/tex/generic/bitset/bitset.sty
Package: bitset 2019/12/09 v1.3 Handle bit-vector datatype (HO)
(c:/Users/shere/AppData/Roaming/TinyTeX/texmf-dist/tex/generic/bigintcalc/bigintcalc.sty
Package: bigintcalc 2019/12/15 v1.5 Expandable calculations on big integers (HO)
))
\Fld@menulength=\count318
\Field@Width=\dimen181
\Fld@charsize=\dimen182
Package hyperref Info: Hyper figures OFF on input line 6042.
Package hyperref Info: Link nesting OFF on input line 6047.
Package hyperref Info: Hyper index ON on input line 6050.
Package hyperref Info: backreferencing OFF on input line 6057.
Package hyperref Info: Link coloring OFF on input line 6062.
Package hyperref Info: Link coloring with OCG OFF on input line 6067.
Package hyperref Info: PDF/A mode OFF on input line 6072.
(c:/Users/shere/AppData/Roaming/TinyTeX/texmf-dist/tex/latex/base/atbegshi-ltx.sty
Package: atbegshi-ltx 2021/01/10 v1.0c Emulation of the original atbegshi
package with kernel methods
)
\Hy@abspage=\count319
\c@Item=\count320
\c@Hfootnote=\count321
)
Package hyperref Info: Driver (autodetected): hxetex.
(c:/Users/shere/AppData/Roaming/TinyTeX/texmf-dist/tex/latex/hyperref/hxetex.def
File: hxetex.def 2024-11-05 v7.01l Hyperref driver for XeTeX
\pdfm@box=\box64
\c@Hy@AnnotLevel=\count322
\HyField@AnnotCount=\count323
\Fld@listcount=\count324
\c@bookmark@seq@number=\count325
(c:/Users/shere/AppData/Roaming/TinyTeX/texmf-dist/tex/latex/rerunfilecheck/rerunfilecheck.sty
Package: rerunfilecheck 2022-07-10 v1.10 Rerun checks for auxiliary files (HO)
(c:/Users/shere/AppData/Roaming/TinyTeX/texmf-dist/tex/latex/base/atveryend-ltx.sty
Package: atveryend-ltx 2020/08/19 v1.0a Emulation of the original atveryend package
with kernel methods
) (c:/Users/shere/AppData/Roaming/TinyTeX/texmf-dist/tex/generic/uniquecounter/uniquecounter.sty
Package: uniquecounter 2019/12/15 v1.4 Provide unlimited unique counter (HO)
)
Package uniquecounter Info: New unique counter `rerunfilecheck' on input line 285.
)
\Hy@SectionHShift=\skip66
) (c:/Users/shere/AppData/Roaming/TinyTeX/texmf-dist/tex/latex/bookmark/bkm-dvipdfm.def
File: bkm-dvipdfm.def 2023-12-10 v1.31 bookmark driver for dvipdfm (HO)
\BKM@id=\count326
)) (./_main.aux

LaTeX Warning: Label `rstudio' multiply defined.

)
\openout1 = `_main.aux'.

LaTeX Font Info:    Checking defaults for OML/cmm/m/it on input line 125.
LaTeX Font Info:    ... okay on input line 125.
LaTeX Font Info:    Checking defaults for OMS/cmsy/m/n on input line 125.
LaTeX Font Info:    ... okay on input line 125.
LaTeX Font Info:    Checking defaults for OT1/cmr/m/n on input line 125.
LaTeX Font Info:    ... okay on input line 125.
LaTeX Font Info:    Checking defaults for T1/cmr/m/n on input line 125.
LaTeX Font Info:    ... okay on input line 125.
LaTeX Font Info:    Checking defaults for TS1/cmr/m/n on input line 125.
LaTeX Font Info:    ... okay on input line 125.
LaTeX Font Info:    Checking defaults for TU/lmr/m/n on input line 125.
LaTeX Font Info:    ... okay on input line 125.
LaTeX Font Info:    Checking defaults for OMX/cmex/m/n on input line 125.
LaTeX Font Info:    ... okay on input line 125.
LaTeX Font Info:    Checking defaults for U/cmr/m/n on input line 125.
LaTeX Font Info:    ... okay on input line 125.
LaTeX Font Info:    Checking defaults for PD1/pdf/m/n on input line 125.
LaTeX Font Info:    ... okay on input line 125.
LaTeX Font Info:    Checking defaults for PU/pdf/m/n on input line 125.
LaTeX Font Info:    ... okay on input line 125.
LaTeX Font Info:    Overwriting math alphabet `\mathrm' in version `normal'
(Font)                  OT1/lmr/m/n --> TU/lmr/m/n on input line 125.
LaTeX Font Info:    Overwriting math alphabet `\mathit' in version `normal'
(Font)                  OT1/lmr/m/it --> TU/lmr/m/it on input line 125.
LaTeX Font Info:    Overwriting math alphabet `\mathbf' in version `normal'
(Font)                  OT1/lmr/bx/n --> TU/lmr/bx/n on input line 125.
LaTeX Font Info:    Overwriting math alphabet `\mathsf' in version `normal'
(Font)                  OT1/lmss/m/n --> TU/lmss/m/n on input line 125.
LaTeX Font Info:    Overwriting math alphabet `\mathsf' in version `bold'
(Font)                  OT1/lmss/bx/n --> TU/lmss/bx/n on input line 125.
LaTeX Font Info:    Overwriting math alphabet `\mathtt' in version `normal'
(Font)                  OT1/lmtt/m/n --> TU/lmtt/m/n on input line 125.
LaTeX Font Info:    Overwriting math alphabet `\mathtt' in version `bold'
(Font)                  OT1/lmtt/m/n --> TU/lmtt/bx/n on input line 125.

Package fontspec Info: 
(fontspec)             latinmodern-math scale = 0.9999964596882403.


Package fontspec Info: 
(fontspec)             latinmodern-math scale = 0.9999964596882403.


Package fontspec Info: 
(fontspec)             latinmodern-math scale = 0.9999964596882403.


Package fontspec Info: 
(fontspec)             Font family 'latinmodern-math.otf(0)' created for font
(fontspec)             'latinmodern-math.otf' with options
(fontspec)             [Scale=MatchLowercase,BoldItalicFont={},ItalicFont={},SmallCapsFont={},Script=Math,BoldFont={latinmodern-math.otf}].
(fontspec)              
(fontspec)              This font family consists of the following NFSS
(fontspec)             series/shapes:
(fontspec)              
(fontspec)             - 'normal' (m/n) with NFSS spec.:
(fontspec)             <->s*[0.9999964596882403]"[latinmodern-math.otf]/OT:script=math;language=dflt;"
(fontspec)             - 'bold' (b/n) with NFSS spec.:
(fontspec)             <->s*[0.9999964596882403]"[latinmodern-math.otf]/OT:script=math;language=dflt;"

LaTeX Font Info:    Font shape `TU/latinmodern-math.otf(0)/m/n' will be
(Font)              scaled to size 10.0pt on input line 125.

Package fontspec Info: 
(fontspec)             latinmodern-math scale = 0.9999964596882403.


Package fontspec Info: 
(fontspec)             latinmodern-math scale = 0.9999964596882403.


Package fontspec Info: 
(fontspec)             latinmodern-math scale = 0.9999964596882403.


Package fontspec Info: 
(fontspec)             latinmodern-math scale = 0.9999964596882403.


Package fontspec Info: 
(fontspec)             latinmodern-math scale = 0.9999964596882403.


Package fontspec Info: 
(fontspec)             Font family 'latinmodern-math.otf(1)' created for font
(fontspec)             'latinmodern-math.otf' with options
(fontspec)             [Scale=MatchLowercase,BoldItalicFont={},ItalicFont={},SmallCapsFont={},Script=Math,SizeFeatures={{Size=8.5-},{Size=6-8.5,Font=latinmodern-math.otf,Style=MathScript},{Size=-6,Font=latinmodern-math.otf,Style=MathScriptScript}},BoldFont={latinmodern-math.otf}].
(fontspec)              
(fontspec)              This font family consists of the following NFSS
(fontspec)             series/shapes:
(fontspec)              
(fontspec)             - 'normal' (m/n) with NFSS spec.:
(fontspec)             <8.5->s*[0.9999964596882403]"[latinmodern-math.otf]/OT:script=math;language=dflt;"<6-8.5>s*[0.9999964596882403]"[latinmodern-math.otf]/OT:script=math;language=dflt;+ssty=0;"<-6>s*[0.9999964596882403]"[latinmodern-math.otf]/OT:script=math;language=dflt;+ssty=1;"
(fontspec)             - 'bold' (b/n) with NFSS spec.:
(fontspec)             <->s*[0.9999964596882403]"[latinmodern-math.otf]/OT:script=math;language=dflt;"

LaTeX Font Info:    Font shape `TU/latinmodern-math.otf(1)/m/n' will be
(Font)              scaled to size 10.0pt on input line 125.
LaTeX Font Info:    Encoding `OT1' has changed to `TU' for symbol font
(Font)              `operators' in the math version `normal' on input line 125.
LaTeX Font Info:    Overwriting symbol font `operators' in version `normal'
(Font)                  OT1/lmr/m/n --> TU/latinmodern-math.otf(1)/m/n on input line 125.
LaTeX Font Info:    Encoding `OT1' has changed to `TU' for symbol font
(Font)              `operators' in the math version `bold' on input line 125.
LaTeX Font Info:    Overwriting symbol font `operators' in version `bold'
(Font)                  OT1/lmr/bx/n --> TU/latinmodern-math.otf(1)/b/n on input line 125.

Package fontspec Info: 
(fontspec)             latinmodern-math scale = 0.9999964596882403.


Package fontspec Info: 
(fontspec)             latinmodern-math scale = 1.000096459334209.


Package fontspec Info: 
(fontspec)             latinmodern-math scale = 0.9999964596882403.


Package fontspec Info: 
(fontspec)             latinmodern-math scale = 1.000096459334209.


Package fontspec Info: 
(fontspec)             latinmodern-math scale = 0.9999964596882403.


Package fontspec Info: 
(fontspec)             latinmodern-math scale = 1.000096459334209.


Package fontspec Info: 
(fontspec)             latinmodern-math scale = 0.9999964596882403.


Package fontspec Info: 
(fontspec)             latinmodern-math scale = 1.000096459334209.


Package fontspec Info: 
(fontspec)             latinmodern-math scale = 0.9999964596882403.


Package fontspec Info: 
(fontspec)             latinmodern-math scale = 1.000096459334209.


Package fontspec Info: 
(fontspec)             Font family 'latinmodern-math.otf(2)' created for font
(fontspec)             'latinmodern-math.otf' with options
(fontspec)             [Scale=MatchLowercase,BoldItalicFont={},ItalicFont={},SmallCapsFont={},Script=Math,SizeFeatures={{Size=8.5-},{Size=6-8.5,Font=latinmodern-math.otf,Style=MathScript},{Size=-6,Font=latinmodern-math.otf,Style=MathScriptScript}},BoldFont={latinmodern-math.otf},ScaleAgain=1.0001,FontAdjustment={\fontdimen
(fontspec)             8\font =6.77pt\relax \fontdimen 9\font =3.94pt\relax
(fontspec)             \fontdimen 10\font =4.44pt\relax \fontdimen 11\font
(fontspec)             =6.86pt\relax \fontdimen 12\font =3.45pt\relax
(fontspec)             \fontdimen 13\font =3.63pt\relax \fontdimen 14\font
(fontspec)             =3.63pt\relax \fontdimen 15\font =2.89pt\relax
(fontspec)             \fontdimen 16\font =2.47pt\relax \fontdimen 17\font
(fontspec)             =2.47pt\relax \fontdimen 18\font =2.5pt\relax
(fontspec)             \fontdimen 19\font =2.0pt\relax \fontdimen 22\font
(fontspec)             =2.5pt\relax \fontdimen 20\font =0pt\relax \fontdimen
(fontspec)             21\font =0pt\relax }].
(fontspec)              
(fontspec)              This font family consists of the following NFSS
(fontspec)             series/shapes:
(fontspec)              
(fontspec)             - 'normal' (m/n) with NFSS spec.:
(fontspec)             <8.5->s*[1.000096459334209]"[latinmodern-math.otf]/OT:script=math;language=dflt;"<6-8.5>s*[1.000096459334209]"[latinmodern-math.otf]/OT:script=math;language=dflt;+ssty=0;"<-6>s*[1.000096459334209]"[latinmodern-math.otf]/OT:script=math;language=dflt;+ssty=1;"
(fontspec)             - 'bold' (b/n) with NFSS spec.:
(fontspec)             <->s*[1.000096459334209]"[latinmodern-math.otf]/OT:script=math;language=dflt;"

LaTeX Font Info:    Encoding `OMS' has changed to `TU' for symbol font
(Font)              `symbols' in the math version `normal' on input line 125.
LaTeX Font Info:    Overwriting symbol font `symbols' in version `normal'
(Font)                  OMS/lmsy/m/n --> TU/latinmodern-math.otf(2)/m/n on input line 125.
LaTeX Font Info:    Encoding `OMS' has changed to `TU' for symbol font
(Font)              `symbols' in the math version `bold' on input line 125.
LaTeX Font Info:    Overwriting symbol font `symbols' in version `bold'
(Font)                  OMS/lmsy/b/n --> TU/latinmodern-math.otf(2)/b/n on input line 125.

Package fontspec Info: 
(fontspec)             latinmodern-math scale = 0.9999964596882403.


Package fontspec Info: 
(fontspec)             latinmodern-math scale = 0.9998964600422715.


Package fontspec Info: 
(fontspec)             latinmodern-math scale = 0.9999964596882403.


Package fontspec Info: 
(fontspec)             latinmodern-math scale = 0.9998964600422715.


Package fontspec Info: 
(fontspec)             latinmodern-math scale = 0.9999964596882403.


Package fontspec Info: 
(fontspec)             latinmodern-math scale = 0.9998964600422715.


Package fontspec Info: 
(fontspec)             latinmodern-math scale = 0.9999964596882403.


Package fontspec Info: 
(fontspec)             latinmodern-math scale = 0.9998964600422715.


Package fontspec Info: 
(fontspec)             latinmodern-math scale = 0.9999964596882403.


Package fontspec Info: 
(fontspec)             latinmodern-math scale = 0.9998964600422715.


Package fontspec Info: 
(fontspec)             Font family 'latinmodern-math.otf(3)' created for font
(fontspec)             'latinmodern-math.otf' with options
(fontspec)             [Scale=MatchLowercase,BoldItalicFont={},ItalicFont={},SmallCapsFont={},Script=Math,SizeFeatures={{Size=8.5-},{Size=6-8.5,Font=latinmodern-math.otf,Style=MathScript},{Size=-6,Font=latinmodern-math.otf,Style=MathScriptScript}},BoldFont={latinmodern-math.otf},ScaleAgain=0.9999,FontAdjustment={\fontdimen
(fontspec)             8\font =0.4pt\relax \fontdimen 9\font =2.0pt\relax
(fontspec)             \fontdimen 10\font =1.67pt\relax \fontdimen 11\font
(fontspec)             =1.11pt\relax \fontdimen 12\font =6.0pt\relax
(fontspec)             \fontdimen 13\font =0pt\relax }].
(fontspec)              
(fontspec)              This font family consists of the following NFSS
(fontspec)             series/shapes:
(fontspec)              
(fontspec)             - 'normal' (m/n) with NFSS spec.:
(fontspec)             <8.5->s*[0.9998964600422715]"[latinmodern-math.otf]/OT:script=math;language=dflt;"<6-8.5>s*[0.9998964600422715]"[latinmodern-math.otf]/OT:script=math;language=dflt;+ssty=0;"<-6>s*[0.9998964600422715]"[latinmodern-math.otf]/OT:script=math;language=dflt;+ssty=1;"
(fontspec)             - 'bold' (b/n) with NFSS spec.:
(fontspec)             <->s*[0.9998964600422715]"[latinmodern-math.otf]/OT:script=math;language=dflt;"

LaTeX Font Info:    Encoding `OMX' has changed to `TU' for symbol font
(Font)              `largesymbols' in the math version `normal' on input line 125.
LaTeX Font Info:    Overwriting symbol font `largesymbols' in version `normal'
(Font)                  OMX/lmex/m/n --> TU/latinmodern-math.otf(3)/m/n on input line 125.
LaTeX Font Info:    Encoding `OMX' has changed to `TU' for symbol font
(Font)              `largesymbols' in the math version `bold' on input line 125.
LaTeX Font Info:    Overwriting symbol font `largesymbols' in version `bold'
(Font)                  OMX/lmex/m/n --> TU/latinmodern-math.otf(3)/b/n on input line 125.
Package hyperref Info: Link coloring OFF on input line 125.
LaTeX Font Info:    Font shape `TU/latinmodern-math.otf(1)/m/n' will be
(Font)              scaled to size 12.0pt on input line 127.
LaTeX Font Info:    Font shape `TU/latinmodern-math.otf(1)/m/n' will be
(Font)              scaled to size 8.0pt on input line 127.
LaTeX Font Info:    Font shape `TU/latinmodern-math.otf(1)/m/n' will be
(Font)              scaled to size 6.0pt on input line 127.
LaTeX Font Info:    Trying to load font information for OML+lmm on input line 127.
(c:/Users/shere/AppData/Roaming/TinyTeX/texmf-dist/tex/latex/lm/omllmm.fd
File: omllmm.fd 2015/05/01 v1.6.1 Font defs for Latin Modern
)
LaTeX Font Info:    Font shape `TU/latinmodern-math.otf(2)/m/n' will be
(Font)              scaled to size 12.0011pt on input line 127.
LaTeX Font Info:    Font shape `TU/latinmodern-math.otf(2)/m/n' will be
(Font)              scaled to size 8.00073pt on input line 127.
LaTeX Font Info:    Font shape `TU/latinmodern-math.otf(2)/m/n' will be
(Font)              scaled to size 6.00055pt on input line 127.
LaTeX Font Info:    Font shape `TU/latinmodern-math.otf(3)/m/n' will be
(Font)              scaled to size 11.99872pt on input line 127.
LaTeX Font Info:    Font shape `TU/latinmodern-math.otf(3)/m/n' will be
(Font)              scaled to size 7.99915pt on input line 127.
LaTeX Font Info:    Font shape `TU/latinmodern-math.otf(3)/m/n' will be
(Font)              scaled to size 5.99936pt on input line 127.
LaTeX Font Info:    Trying to load font information for U+msa on input line 127.
(c:/Users/shere/AppData/Roaming/TinyTeX/texmf-dist/tex/latex/amsfonts/umsa.fd
File: umsa.fd 2013/01/14 v3.01 AMS symbols A
)
LaTeX Font Info:    Trying to load font information for U+msb on input line 127.
(c:/Users/shere/AppData/Roaming/TinyTeX/texmf-dist/tex/latex/amsfonts/umsb.fd
File: umsb.fd 2013/01/14 v3.01 AMS symbols B
)

[1


]

[2

] (./_main.toc
LaTeX Font Info:    Font shape `TU/latinmodern-math.otf(1)/m/n' will be
(Font)              scaled to size 7.0pt on input line 2.
LaTeX Font Info:    Font shape `TU/latinmodern-math.otf(1)/m/n' will be
(Font)              scaled to size 5.0pt on input line 2.
LaTeX Font Info:    Font shape `TU/latinmodern-math.otf(2)/m/n' will be
(Font)              scaled to size 10.00092pt on input line 2.
LaTeX Font Info:    Font shape `TU/latinmodern-math.otf(2)/m/n' will be
(Font)              scaled to size 7.00064pt on input line 2.
LaTeX Font Info:    Font shape `TU/latinmodern-math.otf(2)/m/n' will be
(Font)              scaled to size 5.00046pt on input line 2.
LaTeX Font Info:    Font shape `TU/latinmodern-math.otf(3)/m/n' will be
(Font)              scaled to size 9.99893pt on input line 2.
LaTeX Font Info:    Font shape `TU/latinmodern-math.otf(3)/m/n' will be
(Font)              scaled to size 6.99925pt on input line 2.
LaTeX Font Info:    Font shape `TU/latinmodern-math.otf(3)/m/n' will be
(Font)              scaled to size 4.99947pt on input line 2.


[3]

[4]
Missing character: There is no χ (U+03C7) in font [lmroman10-regular]:mapping=tex-text;!
Missing character: There is no τ (U+03C4) in font [lmroman10-regular]:mapping=tex-text;!
)
\tf@toc=\write4
\openout4 = `_main.toc'.



[5]

[6

]

[7]

[8]
Chapter 1.

Underfull \hbox (badness 10000) in paragraph at lines 197--197
[][][][]$[][][][][] [] [] [] [][][][][][][][] [] [][][] [] [][][][][][][][][][] [] [][][][][] [] [][][][][][][][][] [][] [][][][][] [][] [][][][] [][] [][][][][][][][] [][] [][][] [][] [][][][][][] []
 []



[9

]

[10]
Underfull \hbox (badness 10000) in paragraph at lines 252--253

 []

File: images/Consola2.png Graphic file (type bmp)
<images/Consola2.png>

Underfull \hbox (badness 10000) in paragraph at lines 260--262

 []



[11]
File: images/script.jpeg Graphic file (type bmp)
<images/script.jpeg>
File: images/script2.jpg Graphic file (type bmp)
<images/script2.jpg>

Overfull \hbox (2.21362pt too wide) in paragraph at lines 263--265
[][] [] 
 []


Underfull \hbox (badness 10000) in paragraph at lines 266--267

 []

LaTeX Font Info:    Font shape `TU/lmtt/bx/n' in size <10> not available
(Font)              Font shape `TU/lmtt/b/n' tried instead on input line 274.

Underfull \hbox (badness 10000) in paragraph at lines 280--284

 []

File: images/save.png Graphic file (type bmp)
<images/save.png>

Underfull \vbox (badness 6428) has occurred while \output is active []



[12]
Underfull \hbox (badness 10000) in paragraph at lines 309--310

 []



[13]
File: images/code.png Graphic file (type bmp)
<images/code.png>

Overfull \hbox (154.98717pt too wide) in paragraph at lines 311--312
[][] 
 []


Underfull \hbox (badness 10000) in paragraph at lines 313--314

 []



[14]
Underfull \hbox (badness 10000) in paragraph at lines 364--367

 []

File: images/new_directory.png Graphic file (type bmp)
<images/new_directory.png>

Overfull \hbox (54.9844pt too wide) in paragraph at lines 368--368
 [] 
 []


Underfull \vbox (badness 8151) has occurred while \output is active []



[15]
Underfull \hbox (badness 10000) in paragraph at lines 370--371

 []

File: images/new_directory2.png Graphic file (type bmp)
<images/new_directory2.png>

Overfull \hbox (55.00311pt too wide) in paragraph at lines 372--372
 [] 
 []


Underfull \hbox (badness 10000) in paragraph at lines 374--375

 []

File: images/new_directory3.png Graphic file (type bmp)
<images/new_directory3.png>

Overfull \hbox (54.99738pt too wide) in paragraph at lines 376--376
 [] 
 []


Underfull \vbox (badness 1158) has occurred while \output is active []



[16]
Underfull \hbox (badness 10000) in paragraph at lines 378--379

 []



[17]

[18]

[19]

[20]

[21]

[22]

[23]

[24]

[25]

[26]
Overfull \hbox (195.75pt too wide) in paragraph at lines 993--993
[]\TU/lmtt/m/n/10 ## Warning in matrix(1:4, nrow = 5): data length [4] is not a sub-multiple or multiple of the number of[] 
 []



[27]
Overfull \hbox (6.75pt too wide) in paragraph at lines 1022--1022
[]\TU/lmtt/m/n/10 ##  [1]  1  2  3  4  5  6  7  8  9 10 11 12 13 14 15 16 17 18 19 20[] 
 []



[28]

[29]
LaTeX Font Info:    Font shape `TU/lmtt/bx/n' in size <12> not available
(Font)              Font shape `TU/lmtt/b/n' tried instead on input line 1175.


[30]

[31]

[32]
Overfull \hbox (2.47668pt too wide) in paragraph at lines 1343--1344
[]\TU/lmr/m/n/10 Podemos convertir las matrices en \TU/lmr/m/it/10 data frames \TU/lmr/m/n/10 usando la función \TU/lmtt/m/n/10 as.data.frame\TU/lmr/m/n/10 : 
 []



[33]

[34]

[35]
File: images//files.png Graphic file (type bmp)
<images//files.png>

Overfull \hbox (54.9844pt too wide) in paragraph at lines 1536--1536
 [] 
 []



[36]

[37]
Overfull \hbox (211.5pt too wide) in paragraph at lines 1626--1626
[]\TU/lmtt/m/n/10 ## -- Column specification -------------------------------------------------------------------------------[] 
 []


Overfull \hbox (59.25pt too wide) in paragraph at lines 1626--1626
[]\TU/lmtt/m/n/10 ## dbl (4): culmen_length_mm, culmen_depth_mm, flipper_length_mm, body_mass_g[] 
 []


Overfull \hbox (43.5pt too wide) in paragraph at lines 1626--1626
[]\TU/lmtt/m/n/10 ## i Use `spec()` to retrieve the full column specification for this data.[] 
 []


Overfull \hbox (96.0pt too wide) in paragraph at lines 1626--1626
[]\TU/lmtt/m/n/10 ## i Specify the column types or set `show_col_types = FALSE` to quiet this message.[] 
 []


Underfull \hbox (badness 10000) in paragraph at lines 1628--1629

 []

File: images//import.png Graphic file (type bmp)
<images//import.png>

Overfull \hbox (154.99985pt too wide) in paragraph at lines 1635--1635
 [] 
 []



[38]
Underfull \hbox (badness 10000) in paragraph at lines 1640--1640
[][][][]$[][][][][] [] [] [] [][][][][][][][] [] [][][] [] [][][][][][][][][][] [] [][][][][] [] [][][][][][][][][] [][] [][][][][] [][] [][][][] [][] [][][][][][][][] [][] [][][] [][] [][][][][][] []
 []


Overfull \hbox (4.17879pt too wide) in paragraph at lines 1662--1662
[]|\TU/lmr/m/n/10 read_table|  
 []


Overfull \hbox (1.1688pt too wide) in paragraph at lines 1664--1664
[]|\TU/lmr/m/n/10 read_csv2|  
 []


Overfull \hbox (6.39879pt too wide) in paragraph at lines 1666--1666
[]|\TU/lmr/m/n/10 read_delim|  
 []



[39]
File: images//saveexcel.jpg Graphic file (type bmp)
<images//saveexcel.jpg>

Overfull \hbox (4.99031pt too wide) in paragraph at lines 1699--1699
 [] 
 []


Underfull \vbox (badness 1983) has occurred while \output is active []



[40]

[41]

[42]

[43]

[44]

[45]

[46]

[47]

[48]

[49]

[50

]
Chapter 2.


[51]
Underfull \hbox (badness 10000) in paragraph at lines 2326--2327

 []



[52]

[53]

[54]
Underfull \hbox (badness 10000) in paragraph at lines 2512--2513

 []



[55]
Underfull \hbox (badness 10000) in paragraph at lines 2541--2543

 []


Underfull \hbox (badness 10000) in paragraph at lines 2566--2567

 []



[56]
Underfull \hbox (badness 10000) in paragraph at lines 2611--2612

 []


Overfull \hbox (132.75pt too wide) in paragraph at lines 2621--2621
[]\TU/lmtt/m/n/10 ## [1] "estudiante"     "clase"          "notas"          "ponderacion"    "nota_ponderada"[] 
 []


Overfull \hbox (132.75pt too wide) in paragraph at lines 2632--2632
[]\TU/lmtt/m/n/10 ## [1] "estudiante"     "curso"          "notas"          "ponderacion"    "nota_ponderada"[] 
 []


Overfull \hbox (111.75pt too wide) in paragraph at lines 2653--2653
[]\TU/lmtt/m/n/10 ## [1] "Matemáticas" "Matemáticas" "Matemáticas" "Biología"    "Biología"    "Biología"[] 
 []



[57]
Overfull \hbox (48.75pt too wide) in paragraph at lines 2680--2680
[]\TU/lmtt/m/n/10 ##   estudiante       curso notas ponderacion nota_ponderada correcion_nota[] 
 []


Overfull \hbox (48.75pt too wide) in paragraph at lines 2680--2680
[]\TU/lmtt/m/n/10 ## 1         E1 Matemáticas     7         0.7            4.9             10[] 
 []


Overfull \hbox (48.75pt too wide) in paragraph at lines 2680--2680
[]\TU/lmtt/m/n/10 ## 2         E2 Matemáticas     8         0.7            5.6              9[] 
 []


Overfull \hbox (48.75pt too wide) in paragraph at lines 2680--2680
[]\TU/lmtt/m/n/10 ## 3         E3 Matemáticas     9         0.7            6.3              8[] 
 []


Overfull \hbox (48.75pt too wide) in paragraph at lines 2680--2680
[]\TU/lmtt/m/n/10 ## 4         E1    Biología    10         0.3            3.0              8[] 
 []


Overfull \hbox (48.75pt too wide) in paragraph at lines 2680--2680
[]\TU/lmtt/m/n/10 ## 5         E2    Biología     9         0.3            2.7              9[] 
 []


Overfull \hbox (48.75pt too wide) in paragraph at lines 2680--2680
[]\TU/lmtt/m/n/10 ## 6         E3    Biología     8         0.3            2.4             10[] 
 []


Overfull \hbox (185.25pt too wide) in paragraph at lines 2703--2703
[]\TU/lmtt/m/n/10 ##   estudiante       curso notas ponderacion nota_ponderada estudiante       curso notas ponderacion[] 
 []


Overfull \hbox (185.25pt too wide) in paragraph at lines 2703--2703
[]\TU/lmtt/m/n/10 ## 1         E1 Matemáticas     7         0.7            4.9         E1 Matemáticas     7         0.7[] 
 []


Overfull \hbox (185.25pt too wide) in paragraph at lines 2703--2703
[]\TU/lmtt/m/n/10 ## 2         E2 Matemáticas     8         0.7            5.6         E2 Matemáticas     8         0.7[] 
 []


Overfull \hbox (185.25pt too wide) in paragraph at lines 2703--2703
[]\TU/lmtt/m/n/10 ## 3         E3 Matemáticas     9         0.7            6.3         E3 Matemáticas     9         0.7[] 
 []


Overfull \hbox (185.25pt too wide) in paragraph at lines 2703--2703
[]\TU/lmtt/m/n/10 ## 4         E1    Biología    10         0.3            3.0         E1    Biología    10         0.3[] 
 []


Overfull \hbox (185.25pt too wide) in paragraph at lines 2703--2703
[]\TU/lmtt/m/n/10 ## 5         E2    Biología     9         0.3            2.7         E2    Biología     9         0.3[] 
 []


Overfull \hbox (185.25pt too wide) in paragraph at lines 2703--2703
[]\TU/lmtt/m/n/10 ## 6         E3    Biología     8         0.3            2.4         E3    Biología     8         0.3[] 
 []


Underfull \hbox (badness 10000) in paragraph at lines 2716--2720

 []



[58]
Underfull \hbox (badness 10000) in paragraph at lines 2745--2746

 []



[59]

[60]
Underfull \hbox (badness 10000) in paragraph at lines 2880--2881

 []



[61]
Underfull \hbox (badness 10000) in paragraph at lines 2906--2906
[][][][]$[][][][][] [] [] [] [][][][][][][][] [] [][][] [] [][][][][][][][][][] [] [][][][][] [] [][][][][][][][][] [][] [][][][][] [][] [][][][] [][] [][][][][][][][] [][] [][][] [][] [][][][][][] []
 []



[62]
Underfull \hbox (badness 10000) in paragraph at lines 2998--2999

 []


Underfull \hbox (badness 10000) in paragraph at lines 3007--3008

 []


Underfull \hbox (badness 10000) in paragraph at lines 3016--3020

 []


Underfull \hbox (badness 10000) in paragraph at lines 3033--3036

 []


Underfull \hbox (badness 10000) in paragraph at lines 3048--3051

 []



[63]
Underfull \hbox (badness 10000) in paragraph at lines 3065--3068

 []


Overfull \hbox (211.5pt too wide) in paragraph at lines 3079--3079
[]\TU/lmtt/m/n/10 ##  [1]  0.3666667  0.1363636  0.0000000  0.2571429  0.6000000  2.9545455 28.1250000  0.1724138  0.4800000[] 
 []


Underfull \hbox (badness 10000) in paragraph at lines 3081--3084

 []


Underfull \hbox (badness 10000) in paragraph at lines 3097--3100

 []


Underfull \hbox (badness 10000) in paragraph at lines 3112--3115

 []



[64]

[65]
Underfull \hbox (badness 10000) in paragraph at lines 3203--3205

 []


Underfull \hbox (badness 10000) in paragraph at lines 3214--3215

 []



[66]
Underfull \hbox (badness 10000) in paragraph at lines 3236--3237

 []


Underfull \hbox (badness 10000) in paragraph at lines 3278--3284

 []



[67]

[68]
Underfull \hbox (badness 10000) in paragraph at lines 3357--3359

 []



[69]
Underfull \hbox (badness 10000) in paragraph at lines 3416--3418

 []


Underfull \hbox (badness 10000) in paragraph at lines 3439--3440

 []



[70]
Overfull \hbox (206.25pt too wide) in paragraph at lines 3470--3470
[]\TU/lmtt/m/n/10 ## $ len  <dbl> 4.2, 11.5, 7.3, 5.8, 6.4, 10.0, 11.2, 11.2, 5.2, 7.0, 16.5, 16.5, 15.2, 17.3, 22.5, 17.3~[] 
 []


Overfull \hbox (206.25pt too wide) in paragraph at lines 3470--3470
[]\TU/lmtt/m/n/10 ## $ supp <fct> VC, VC, VC, VC, VC, VC, VC, VC, VC, VC, VC, VC, VC, VC, VC, VC, VC, VC, VC, VC, VC, VC, ~[] 
 []


Overfull \hbox (206.25pt too wide) in paragraph at lines 3470--3470
[]\TU/lmtt/m/n/10 ## $ dose <dbl> 0.5, 0.5, 0.5, 0.5, 0.5, 0.5, 0.5, 0.5, 0.5, 0.5, 1.0, 1.0, 1.0, 1.0, 1.0, 1.0, 1.0, 1.0~[] 
 []


Overfull \hbox (206.25pt too wide) in paragraph at lines 3484--3484
[]\TU/lmtt/m/n/10 ## $ supp <fct> VC, VC, VC, VC, VC, VC, VC, VC, VC, VC, VC, VC, VC, VC, VC, VC, VC, VC, VC, VC, VC, VC, ~[] 
 []


Overfull \hbox (206.25pt too wide) in paragraph at lines 3484--3484
[]\TU/lmtt/m/n/10 ## $ dose <dbl> 0.5, 0.5, 0.5, 0.5, 0.5, 0.5, 0.5, 0.5, 0.5, 0.5, 1.0, 1.0, 1.0, 1.0, 1.0, 1.0, 1.0, 1.0~[] 
 []


Underfull \hbox (badness 10000) in paragraph at lines 3488--3489

 []


Overfull \hbox (206.25pt too wide) in paragraph at lines 3500--3500
[]\TU/lmtt/m/n/10 ## $ dose <dbl> 0.5, 0.5, 0.5, 0.5, 0.5, 0.5, 0.5, 0.5, 0.5, 0.5, 1.0, 1.0, 1.0, 1.0, 1.0, 1.0, 1.0, 1.0~[] 
 []


Overfull \hbox (206.25pt too wide) in paragraph at lines 3512--3512
[]\TU/lmtt/m/n/10 ## $ dose <dbl> 0.5, 0.5, 0.5, 0.5, 0.5, 0.5, 0.5, 0.5, 0.5, 0.5, 1.0, 1.0, 1.0, 1.0, 1.0, 1.0, 1.0, 1.0~[] 
 []


Overfull \hbox (206.25pt too wide) in paragraph at lines 3524--3524
[]\TU/lmtt/m/n/10 ## $ dose <dbl> 0.5, 0.5, 0.5, 0.5, 0.5, 0.5, 0.5, 0.5, 0.5, 0.5, 1.0, 1.0, 1.0, 1.0, 1.0, 1.0, 1.0, 1.0~[] 
 []



[71]
Overfull \hbox (206.25pt too wide) in paragraph at lines 3536--3536
[]\TU/lmtt/m/n/10 ## $ dose <dbl> 0.5, 0.5, 0.5, 0.5, 0.5, 0.5, 0.5, 0.5, 0.5, 0.5, 1.0, 1.0, 1.0, 1.0, 1.0, 1.0, 1.0, 1.0~[] 
 []


Overfull \hbox (206.25pt too wide) in paragraph at lines 3553--3553
[]\TU/lmtt/m/n/10 ## $ supp <fct> VC, VC, VC, VC, VC, VC, VC, VC, VC, VC, VC, VC, VC, VC, VC, VC, VC, VC, VC, VC, VC, VC, ~[] 
 []


Overfull \hbox (206.25pt too wide) in paragraph at lines 3553--3553
[]\TU/lmtt/m/n/10 ## $ len  <dbl> 4.2, 11.5, 7.3, 5.8, 6.4, 10.0, 11.2, 11.2, 5.2, 7.0, 16.5, 16.5, 15.2, 17.3, 22.5, 17.3~[] 
 []


Underfull \hbox (badness 10000) in paragraph at lines 3555--3559

 []


Overfull \hbox (206.25pt too wide) in paragraph at lines 3572--3572
[]\TU/lmtt/m/n/10 ## $ len  <dbl> 4.2, 11.5, 7.3, 5.8, 6.4, 10.0, 11.2, 11.2, 5.2, 7.0, 16.5, 16.5, 15.2, 17.3, 22.5, 17.3~[] 
 []


Overfull \hbox (206.25pt too wide) in paragraph at lines 3572--3572
[]\TU/lmtt/m/n/10 ## $ dose <dbl> 0.5, 0.5, 0.5, 0.5, 0.5, 0.5, 0.5, 0.5, 0.5, 0.5, 1.0, 1.0, 1.0, 1.0, 1.0, 1.0, 1.0, 1.0~[] 
 []


Overfull \hbox (206.25pt too wide) in paragraph at lines 3585--3585
[]\TU/lmtt/m/n/10 ## $ supp <fct> VC, VC, VC, VC, VC, VC, VC, VC, VC, VC, VC, VC, VC, VC, VC, VC, VC, VC, VC, VC, VC, VC, ~[] 
 []



[72]
Overfull \hbox (206.25pt too wide) in paragraph at lines 3602--3602
[]\TU/lmtt/m/n/10 ## $ LEN  <dbl> 4.2, 11.5, 7.3, 5.8, 6.4, 10.0, 11.2, 11.2, 5.2, 7.0, 16.5, 16.5, 15.2, 17.3, 22.5, 17.3~[] 
 []


Overfull \hbox (206.25pt too wide) in paragraph at lines 3602--3602
[]\TU/lmtt/m/n/10 ## $ SUPP <fct> VC, VC, VC, VC, VC, VC, VC, VC, VC, VC, VC, VC, VC, VC, VC, VC, VC, VC, VC, VC, VC, VC, ~[] 
 []


Overfull \hbox (206.25pt too wide) in paragraph at lines 3602--3602
[]\TU/lmtt/m/n/10 ## $ DOSE <dbl> 0.5, 0.5, 0.5, 0.5, 0.5, 0.5, 0.5, 0.5, 0.5, 0.5, 1.0, 1.0, 1.0, 1.0, 1.0, 1.0, 1.0, 1.0~[] 
 []


Overfull \hbox (206.25pt too wide) in paragraph at lines 3618--3618
[]\TU/lmtt/m/n/10 ## $ dose <dbl> 0.5, 0.5, 0.5, 0.5, 0.5, 0.5, 0.5, 0.5, 0.5, 0.5, 1.0, 1.0, 1.0, 1.0, 1.0, 1.0, 1.0, 1.0~[] 
 []


Overfull \hbox (206.25pt too wide) in paragraph at lines 3632--3632
[]\TU/lmtt/m/n/10 ## $ len  <dbl> 4.2, 11.5, 7.3, 5.8, 6.4, 10.0, 11.2, 11.2, 5.2, 7.0, 16.5, 16.5, 15.2, 17.3, 22.5, 17.3~[] 
 []


Overfull \hbox (206.25pt too wide) in paragraph at lines 3632--3632
[]\TU/lmtt/m/n/10 ## $ supp <fct> VC, VC, VC, VC, VC, VC, VC, VC, VC, VC, VC, VC, VC, VC, VC, VC, VC, VC, VC, VC, VC, VC, ~[] 
 []


Overfull \hbox (206.25pt too wide) in paragraph at lines 3645--3645
[]\TU/lmtt/m/n/10 ## $ len  <dbl> 4.2, 11.5, 7.3, 5.8, 6.4, 10.0, 11.2, 11.2, 5.2, 7.0, 16.5, 16.5, 15.2, 17.3, 22.5, 17.3~[] 
 []


Overfull \hbox (206.25pt too wide) in paragraph at lines 3645--3645
[]\TU/lmtt/m/n/10 ## $ supp <fct> VC, VC, VC, VC, VC, VC, VC, VC, VC, VC, VC, VC, VC, VC, VC, VC, VC, VC, VC, VC, VC, VC, ~[] 
 []



[73]
Overfull \hbox (206.25pt too wide) in paragraph at lines 3681--3681
[]\TU/lmtt/m/n/10 ## $ len  <dbl> 15.2, 21.5, 17.6, 9.7, 14.5, 10.0, 8.2, 9.4, 16.5, 9.7, 19.7, 23.3, 23.6, 26.4, 20.0, 25~[] 
 []


Overfull \hbox (206.25pt too wide) in paragraph at lines 3681--3681
[]\TU/lmtt/m/n/10 ## $ supp <fct> OJ, OJ, OJ, OJ, OJ, OJ, OJ, OJ, OJ, OJ, OJ, OJ, OJ, OJ, OJ, OJ, OJ, OJ, OJ, OJ, OJ, OJ, ~[] 
 []


Overfull \hbox (206.25pt too wide) in paragraph at lines 3681--3681
[]\TU/lmtt/m/n/10 ## $ dose <dbl> 0.5, 0.5, 0.5, 0.5, 0.5, 0.5, 0.5, 0.5, 0.5, 0.5, 1.0, 1.0, 1.0, 1.0, 1.0, 1.0, 1.0, 1.0~[] 
 []



[74]
Overfull \hbox (206.25pt too wide) in paragraph at lines 3741--3741
[]\TU/lmtt/m/n/10 ## $ len  <dbl> 4.2, 11.5, 7.3, 5.8, 6.4, 10.0, 11.2, 11.2, 5.2, 7.0, 16.5, 16.5, 15.2, 17.3, 22.5, 17.3~[] 
 []


Overfull \hbox (206.25pt too wide) in paragraph at lines 3741--3741
[]\TU/lmtt/m/n/10 ## $ supp <fct> VC, VC, VC, VC, VC, VC, VC, VC, VC, VC, VC, VC, VC, VC, VC, VC, VC, VC, VC, VC, VC, VC, ~[] 
 []


Overfull \hbox (206.25pt too wide) in paragraph at lines 3741--3741
[]\TU/lmtt/m/n/10 ## $ dose <dbl> 0.5, 0.5, 0.5, 0.5, 0.5, 0.5, 0.5, 0.5, 0.5, 0.5, 1.0, 1.0, 1.0, 1.0, 1.0, 1.0, 1.0, 1.0~[] 
 []


Underfull \hbox (badness 10000) in paragraph at lines 3802--3803

 []



[75]

[76]
Underfull \hbox (badness 10000) in paragraph at lines 3909--3910

 []



[77]
Underfull \hbox (badness 10000) in paragraph at lines 3954--3956

 []



[78]

[79]
Underfull \hbox (badness 10000) in paragraph at lines 4023--4025

 []



[80]
Underfull \hbox (badness 10000) in paragraph at lines 4135--4136

 []



[81]
Overfull \hbox (206.25pt too wide) in paragraph at lines 4153--4153
[]\TU/lmtt/m/n/10 ## $ dosis      <dbl> 0.5, 0.5, 0.5, 0.5, 0.5, 0.5, 0.5, 0.5, 0.5, 0.5, 1.0, 1.0, 1.0, 1.0, 1.0, 1.0, 1.~[] 
 []


Overfull \hbox (206.25pt too wide) in paragraph at lines 4153--4153
[]\TU/lmtt/m/n/10 ## $ longitud   <dbl> 4.2, 11.5, 7.3, 5.8, 6.4, 10.0, 11.2, 11.2, 5.2, 7.0, 16.5, 16.5, 15.2, 17.3, 22.5~[] 
 []


Overfull \hbox (206.25pt too wide) in paragraph at lines 4153--4153
[]\TU/lmtt/m/n/10 ## $ suplemento <fct> VC, VC, VC, VC, VC, VC, VC, VC, VC, VC, VC, VC, VC, VC, VC, VC, VC, VC, VC, VC, VC~[] 
 []


Overfull \hbox (206.25pt too wide) in paragraph at lines 4170--4170
[]\TU/lmtt/m/n/10 ## $ len   <dbl> 4.2, 11.5, 7.3, 5.8, 6.4, 10.0, 11.2, 11.2, 5.2, 7.0, 16.5, 16.5, 15.2, 17.3, 22.5, 17.~[] 
 []


Overfull \hbox (206.25pt too wide) in paragraph at lines 4170--4170
[]\TU/lmtt/m/n/10 ## $ supp  <fct> VC, VC, VC, VC, VC, VC, VC, VC, VC, VC, VC, VC, VC, VC, VC, VC, VC, VC, VC, VC, VC, VC,~[] 
 []


Overfull \hbox (206.25pt too wide) in paragraph at lines 4170--4170
[]\TU/lmtt/m/n/10 ## $ dosis <dbl> 0.5, 0.5, 0.5, 0.5, 0.5, 0.5, 0.5, 0.5, 0.5, 0.5, 1.0, 1.0, 1.0, 1.0, 1.0, 1.0, 1.0, 1.~[] 
 []


Overfull \hbox (206.25pt too wide) in paragraph at lines 4184--4184
[]\TU/lmtt/m/n/10 ## $ Num_len  <dbl> 4.2, 11.5, 7.3, 5.8, 6.4, 10.0, 11.2, 11.2, 5.2, 7.0, 16.5, 16.5, 15.2, 17.3, 22.5, ~[] 
 []


Overfull \hbox (206.25pt too wide) in paragraph at lines 4184--4184
[]\TU/lmtt/m/n/10 ## $ supp     <fct> VC, VC, VC, VC, VC, VC, VC, VC, VC, VC, VC, VC, VC, VC, VC, VC, VC, VC, VC, VC, VC, ~[] 
 []


Overfull \hbox (206.25pt too wide) in paragraph at lines 4184--4184
[]\TU/lmtt/m/n/10 ## $ Num_dose <dbl> 0.5, 0.5, 0.5, 0.5, 0.5, 0.5, 0.5, 0.5, 0.5, 0.5, 1.0, 1.0, 1.0, 1.0, 1.0, 1.0, 1.0,~[] 
 []


Overfull \hbox (206.25pt too wide) in paragraph at lines 4198--4198
[]\TU/lmtt/m/n/10 ## $ len      <dbl> 4.2, 11.5, 7.3, 5.8, 6.4, 10.0, 11.2, 11.2, 5.2, 7.0, 16.5, 16.5, 15.2, 17.3, 22.5, ~[] 
 []


Overfull \hbox (206.25pt too wide) in paragraph at lines 4198--4198
[]\TU/lmtt/m/n/10 ## $ supp     <fct> VC, VC, VC, VC, VC, VC, VC, VC, VC, VC, VC, VC, VC, VC, VC, VC, VC, VC, VC, VC, VC, ~[] 
 []


Overfull \hbox (206.25pt too wide) in paragraph at lines 4198--4198
[]\TU/lmtt/m/n/10 ## $ Num_dose <dbl> 0.5, 0.5, 0.5, 0.5, 0.5, 0.5, 0.5, 0.5, 0.5, 0.5, 1.0, 1.0, 1.0, 1.0, 1.0, 1.0, 1.0,~[] 
 []



[82]
Overfull \hbox (206.25pt too wide) in paragraph at lines 4212--4212
[]\TU/lmtt/m/n/10 ## $ LEN  <dbl> 4.2, 11.5, 7.3, 5.8, 6.4, 10.0, 11.2, 11.2, 5.2, 7.0, 16.5, 16.5, 15.2, 17.3, 22.5, 17.3~[] 
 []


Overfull \hbox (206.25pt too wide) in paragraph at lines 4212--4212
[]\TU/lmtt/m/n/10 ## $ SUPP <fct> VC, VC, VC, VC, VC, VC, VC, VC, VC, VC, VC, VC, VC, VC, VC, VC, VC, VC, VC, VC, VC, VC, ~[] 
 []


Overfull \hbox (206.25pt too wide) in paragraph at lines 4212--4212
[]\TU/lmtt/m/n/10 ## $ DOSE <dbl> 0.5, 0.5, 0.5, 0.5, 0.5, 0.5, 0.5, 0.5, 0.5, 0.5, 1.0, 1.0, 1.0, 1.0, 1.0, 1.0, 1.0, 1.0~[] 
 []


Underfull \hbox (badness 10000) in paragraph at lines 4214--4215

 []



[83]
Underfull \hbox (badness 10000) in paragraph at lines 4273--4274

 []


Underfull \hbox (badness 10000) in paragraph at lines 4289--4290

 []



[84]
Underfull \hbox (badness 10000) in paragraph at lines 4390--4395

 []



[85]
Underfull \hbox (badness 10000) in paragraph at lines 4411--4413

 []


Underfull \hbox (badness 10000) in paragraph at lines 4447--4449

 []



[86]
Underfull \hbox (badness 10000) in paragraph at lines 4468--4470

 []


Underfull \hbox (badness 10000) in paragraph at lines 4493--4495

 []



[87]
Underfull \vbox (badness 2376) has occurred while \output is active []



[88]
Underfull \hbox (badness 10000) in paragraph at lines 4604--4605

 []


Underfull \hbox (badness 10000) in paragraph at lines 4613--4614

 []


Underfull \hbox (badness 10000) in paragraph at lines 4626--4629

 []



[89]
Underfull \hbox (badness 10000) in paragraph at lines 4644--4647

 []


Underfull \hbox (badness 10000) in paragraph at lines 4659--4662

 []


Underfull \hbox (badness 10000) in paragraph at lines 4675--4678

 []


Overfull \hbox (211.5pt too wide) in paragraph at lines 4689--4689
[]\TU/lmtt/m/n/10 ##  [1]  0.3666667  0.6000000  0.4800000  0.1724138  2.9545455  0.1363636  0.2571429  0.6842105 28.1250000[] 
 []


Underfull \hbox (badness 10000) in paragraph at lines 4691--4694

 []



[90]
Underfull \hbox (badness 10000) in paragraph at lines 4706--4709

 []


Underfull \hbox (badness 10000) in paragraph at lines 4723--4726

 []



[91]

[92

]
Chapter 3.
[93]

[94]
Underfull \hbox (badness 10000) in paragraph at lines 4790--4791

 []

File: _main_files/figure-latex/unnamed-chunk-190-1.pdf Graphic file (type pdf)
<use _main_files/figure-latex/unnamed-chunk-190-1.pdf>

Underfull \hbox (badness 10000) in paragraph at lines 4794--4795

 []


Underfull \hbox (badness 10000) in paragraph at lines 4798--4799

 []



[95]
File: _main_files/figure-latex/unnamed-chunk-191-1.pdf Graphic file (type pdf)
<use _main_files/figure-latex/unnamed-chunk-191-1.pdf>


[96]
File: _main_files/figure-latex/unnamed-chunk-192-1.pdf Graphic file (type pdf)
<use _main_files/figure-latex/unnamed-chunk-192-1.pdf>

Underfull \hbox (badness 10000) in paragraph at lines 4858--4860

 []



[97]
File: _main_files/figure-latex/unnamed-chunk-193-1.pdf Graphic file (type pdf)
<use _main_files/figure-latex/unnamed-chunk-193-1.pdf>


[98]
Underfull \hbox (badness 10000) in paragraph at lines 4876--4879

 []

File: _main_files/figure-latex/unnamed-chunk-194-1.pdf Graphic file (type pdf)
<use _main_files/figure-latex/unnamed-chunk-194-1.pdf>

Underfull \hbox (badness 10000) in paragraph at lines 4899--4900

 []



[99]
File: _main_files/figure-latex/unnamed-chunk-195-1.pdf Graphic file (type pdf)
<use _main_files/figure-latex/unnamed-chunk-195-1.pdf>

Underfull \hbox (badness 10000) in paragraph at lines 4912--4916

 []


Underfull \hbox (badness 10000) in paragraph at lines 4923--4926

 []



[100]
File: _main_files/figure-latex/unnamed-chunk-197-1.pdf Graphic file (type pdf)
<use _main_files/figure-latex/unnamed-chunk-197-1.pdf>


[101]
Underfull \hbox (badness 10000) in paragraph at lines 4946--4947

 []

File: _main_files/figure-latex/unnamed-chunk-198-1.pdf Graphic file (type pdf)
<use _main_files/figure-latex/unnamed-chunk-198-1.pdf>

Underfull \hbox (badness 10000) in paragraph at lines 4962--4964

 []


Underfull \hbox (badness 10000) in paragraph at lines 4962--4964

 []


Underfull \hbox (badness 10000) in paragraph at lines 4967--4969

 []



[102]
File: _main_files/figure-latex/unnamed-chunk-199-1.pdf Graphic file (type pdf)
<use _main_files/figure-latex/unnamed-chunk-199-1.pdf>
File: _main_files/figure-latex/unnamed-chunk-200-1.pdf Graphic file (type pdf)
<use _main_files/figure-latex/unnamed-chunk-200-1.pdf>

Underfull \vbox (badness 10000) has occurred while \output is active []



[103]

[104]
Underfull \hbox (badness 10000) in paragraph at lines 5024--5025

 []

File: images//ggplot.png Graphic file (type bmp)
<images//ggplot.png>

Overfull \hbox (155.00217pt too wide) in paragraph at lines 5026--5026
 [] 
 []


Underfull \hbox (badness 10000) in paragraph at lines 5028--5029

 []



[105]

[106]
File: _main_files/figure-latex/unnamed-chunk-204-1.pdf Graphic file (type pdf)
<use _main_files/figure-latex/unnamed-chunk-204-1.pdf>

Underfull \hbox (badness 10000) in paragraph at lines 5093--5096

 []

File: _main_files/figure-latex/unnamed-chunk-205-1.pdf Graphic file (type pdf)
<use _main_files/figure-latex/unnamed-chunk-205-1.pdf>


[107]
Underfull \hbox (badness 10000) in paragraph at lines 5109--5114

 []

File: _main_files/figure-latex/unnamed-chunk-206-1.pdf Graphic file (type pdf)
<use _main_files/figure-latex/unnamed-chunk-206-1.pdf>

Underfull \vbox (badness 5460) has occurred while \output is active []



[108]
File: _main_files/figure-latex/unnamed-chunk-207-1.pdf Graphic file (type pdf)
<use _main_files/figure-latex/unnamed-chunk-207-1.pdf>


[109]
File: _main_files/figure-latex/unnamed-chunk-208-1.pdf Graphic file (type pdf)
<use _main_files/figure-latex/unnamed-chunk-208-1.pdf>
File: _main_files/figure-latex/unnamed-chunk-209-1.pdf Graphic file (type pdf)
<use _main_files/figure-latex/unnamed-chunk-209-1.pdf>

Underfull \vbox (badness 10000) has occurred while \output is active []



[110]
Underfull \hbox (badness 10000) in paragraph at lines 5161--5162

 []

File: _main_files/figure-latex/unnamed-chunk-210-1.pdf Graphic file (type pdf)
<use _main_files/figure-latex/unnamed-chunk-210-1.pdf>

Underfull \vbox (badness 10000) has occurred while \output is active []



[111]
Overfull \hbox (9.502pt too wide) in paragraph at lines 5187--5189
\TU/lmtt/m/n/10 scale_color_continuous()\TU/lmr/m/n/10 ,\TU/lmtt/m/n/10 scale_color_discrete()\TU/lmr/m/n/10 , \TU/lmtt/m/n/10 scale_color_brewer()
 []


Underfull \hbox (badness 10000) in paragraph at lines 5194--5195

 []

File: images//colors.jpg Graphic file (type bmp)
<images//colors.jpg>


[112]
Overfull \hbox (13.69891pt too wide) in paragraph at lines 5198--5200
\TU/lmr/m/n/10 Y de esta manera los declaramos en nuestra gráfica usando \TU/lmtt/m/n/10 scale_color_manual()\TU/lmr/m/n/10 : 
 []


Underfull \hbox (badness 10000) in paragraph at lines 5198--5200

 []

File: _main_files/figure-latex/unnamed-chunk-212-1.pdf Graphic file (type pdf)
<use _main_files/figure-latex/unnamed-chunk-212-1.pdf>

Underfull \hbox (badness 10000) in paragraph at lines 5212--5214

 []



[113]
File: _main_files/figure-latex/unnamed-chunk-213-1.pdf Graphic file (type pdf)
<use _main_files/figure-latex/unnamed-chunk-213-1.pdf>
File: images//rcolor.png Graphic file (type bmp)
<images//rcolor.png>

Underfull \vbox (badness 10000) has occurred while \output is active []



[114]
File: images//viridis.png Graphic file (type bmp)
<images//viridis.png>

Underfull \hbox (badness 10000) in paragraph at lines 5233--5235

 []

File: _main_files/figure-latex/unnamed-chunk-215-1.pdf Graphic file (type pdf)
<use _main_files/figure-latex/unnamed-chunk-215-1.pdf>

Underfull \vbox (badness 10000) has occurred while \output is active []



[115]
File: _main_files/figure-latex/unnamed-chunk-215-2.pdf Graphic file (type pdf)
<use _main_files/figure-latex/unnamed-chunk-215-2.pdf>

Underfull \hbox (badness 10000) in paragraph at lines 5258--5259

 []



[116]
File: _main_files/figure-latex/unnamed-chunk-216-1.pdf Graphic file (type pdf)
<use _main_files/figure-latex/unnamed-chunk-216-1.pdf>
File: _main_files/figure-latex/unnamed-chunk-217-1.pdf Graphic file (type pdf)
<use _main_files/figure-latex/unnamed-chunk-217-1.pdf>


[117]
File: _main_files/figure-latex/unnamed-chunk-218-1.pdf Graphic file (type pdf)
<use _main_files/figure-latex/unnamed-chunk-218-1.pdf>

Underfull \vbox (badness 10000) has occurred while \output is active []



[118]
Underfull \hbox (badness 10000) in paragraph at lines 5311--5312

 []

File: _main_files/figure-latex/unnamed-chunk-219-1.pdf Graphic file (type pdf)
<use _main_files/figure-latex/unnamed-chunk-219-1.pdf>

Underfull \vbox (badness 10000) has occurred while \output is active []



[119]
Underfull \hbox (badness 10000) in paragraph at lines 5338--5338
[][][][]$[][][][][] [] [] [] [][][][][][][][] [] [][][] [] [][][][][][][][][][] [] [][][][][] [] [][][][][][][][][] [][] [][][][][] [][] [][][][] [][] [][][][][][][][] [][] [][][] [][] [][][][][][] []
 []


Underfull \hbox (badness 10000) in paragraph at lines 5349--5351

 []



[120]
Underfull \hbox (badness 10000) in paragraph at lines 5352--5353

 []

File: _main_files/figure-latex/unnamed-chunk-221-1.pdf Graphic file (type pdf)
<use _main_files/figure-latex/unnamed-chunk-221-1.pdf>


[121]
Underfull \hbox (badness 10000) in paragraph at lines 5373--5374

 []

File: _main_files/figure-latex/unnamed-chunk-222-1.pdf Graphic file (type pdf)
<use _main_files/figure-latex/unnamed-chunk-222-1.pdf>
File: _main_files/figure-latex/unnamed-chunk-224-1.pdf Graphic file (type pdf)
<use _main_files/figure-latex/unnamed-chunk-224-1.pdf>


[122]
File: _main_files/figure-latex/unnamed-chunk-225-1.pdf Graphic file (type pdf)
<use _main_files/figure-latex/unnamed-chunk-225-1.pdf>


[123]
File: _main_files/figure-latex/unnamed-chunk-226-1.pdf Graphic file (type pdf)
<use _main_files/figure-latex/unnamed-chunk-226-1.pdf>
File: _main_files/figure-latex/unnamed-chunk-227-1.pdf Graphic file (type pdf)
<use _main_files/figure-latex/unnamed-chunk-227-1.pdf>

Underfull \hbox (badness 10000) in paragraph at lines 5452--5456

 []



[124]
Underfull \hbox (badness 10000) in paragraph at lines 5457--5458

 []

File: _main_files/figure-latex/unnamed-chunk-228-1.pdf Graphic file (type pdf)
<use _main_files/figure-latex/unnamed-chunk-228-1.pdf>
File: _main_files/figure-latex/unnamed-chunk-228-2.pdf Graphic file (type pdf)
<use _main_files/figure-latex/unnamed-chunk-228-2.pdf>

Underfull \vbox (badness 10000) has occurred while \output is active []



[125]

[126]
File: _main_files/figure-latex/unnamed-chunk-229-1.pdf Graphic file (type pdf)
<use _main_files/figure-latex/unnamed-chunk-229-1.pdf>

Underfull \vbox (badness 10000) has occurred while \output is active []



[127]
Underfull \hbox (badness 10000) in paragraph at lines 5513--5515

 []

File: _main_files/figure-latex/unnamed-chunk-230-1.pdf Graphic file (type pdf)
<use _main_files/figure-latex/unnamed-chunk-230-1.pdf>

Underfull \vbox (badness 10000) has occurred while \output is active []



[128]
File: _main_files/figure-latex/unnamed-chunk-231-1.pdf Graphic file (type pdf)
<use _main_files/figure-latex/unnamed-chunk-231-1.pdf>

Underfull \vbox (badness 10000) has occurred while \output is active []



[129]
File: _main_files/figure-latex/unnamed-chunk-232-1.pdf Graphic file (type pdf)
<use _main_files/figure-latex/unnamed-chunk-232-1.pdf>


[130]
File: _main_files/figure-latex/unnamed-chunk-232-2.pdf Graphic file (type pdf)
<use _main_files/figure-latex/unnamed-chunk-232-2.pdf>
File: _main_files/figure-latex/unnamed-chunk-232-3.pdf Graphic file (type pdf)
<use _main_files/figure-latex/unnamed-chunk-232-3.pdf>


[131]
File: _main_files/figure-latex/unnamed-chunk-232-4.pdf Graphic file (type pdf)
<use _main_files/figure-latex/unnamed-chunk-232-4.pdf>
File: _main_files/figure-latex/unnamed-chunk-232-5.pdf Graphic file (type pdf)
<use _main_files/figure-latex/unnamed-chunk-232-5.pdf>


[132]
File: _main_files/figure-latex/unnamed-chunk-232-6.pdf Graphic file (type pdf)
<use _main_files/figure-latex/unnamed-chunk-232-6.pdf>
File: _main_files/figure-latex/unnamed-chunk-234-1.pdf Graphic file (type pdf)
<use _main_files/figure-latex/unnamed-chunk-234-1.pdf>

Underfull \vbox (badness 10000) has occurred while \output is active []



[133]
File: _main_files/figure-latex/unnamed-chunk-235-1.pdf Graphic file (type pdf)
<use _main_files/figure-latex/unnamed-chunk-235-1.pdf>


[134]
File: _main_files/figure-latex/unnamed-chunk-236-1.pdf Graphic file (type pdf)
<use _main_files/figure-latex/unnamed-chunk-236-1.pdf>


[135]

[136

]
Chapter 4.


[137]


Overfull \hbox (20.68343pt too wide) has occurred while \output is active
\TU/lmr/m/n/10 138 \TU/lmr/m/sl/10 CHAPTER 4.  VALOR DE SIGNIFICANCIA P EN ESTADÍSTICA (P-VALUE)
 []

[138

]
Chapter 5.

Overfull \hbox (10.84546pt too wide) in paragraph at lines 5658--5658
[]\TU/lmr/bx/n/14.4 Estadística inferencial paramétrica: supuestos
 []


Underfull \hbox (badness 10000) in paragraph at lines 5660--5660
[]\TU/lmr/bx/n/14.4 Estadística inferencial no paramétrica:
 []


Underfull \hbox (badness 1248) in paragraph at lines 5660--5660
\TU/lmr/bx/n/14.4 supuestos principales de las pruebas no
 []


Underfull \hbox (badness 2057) in paragraph at lines 5666--5666
[]\TU/lmr/bx/n/12 Pruebas de ajuste o distribución: Prueba de
 []


Underfull \vbox (badness 10000) has occurred while \output is active []



[139]
Overfull \vbox (65.87296pt too high) has occurred while \output is active []



[140]
Overfull \hbox (1.5pt too wide) in paragraph at lines 5698--5698
[]\TU/lmtt/m/n/10 ##  $ Ancho_Sepalo: num  3.5 3 3.2 3.1 3.6 3.9 3.4 3.4 2.9 3.1 ...[] 
 []


Overfull \hbox (12.0pt too wide) in paragraph at lines 5698--5698
[]\TU/lmtt/m/n/10 ##  $ Largo_Petalo: num  1.4 1.4 1.3 1.5 1.4 1.7 1.4 1.5 1.4 1.5 ...[] 
 []


Overfull \hbox (12.0pt too wide) in paragraph at lines 5698--5698
[]\TU/lmtt/m/n/10 ##  $ Ancho_Petalo: num  0.2 0.2 0.2 0.2 0.2 0.4 0.3 0.2 0.2 0.1 ...[] 
 []


Overfull \hbox (117.0pt too wide) in paragraph at lines 5698--5698
[]\TU/lmtt/m/n/10 ##  $ Especies    : Factor w/ 3 levels "setosa","versicolor",..: 1 1 1 1 1 1 1 1 1 1 ...[] 
 []

File: images//flores.jpg Graphic file (type bmp)
<images//flores.jpg>
File: images//flores2.png Graphic file (type bmp)
<images//flores2.png>

Overfull \hbox (2.21411pt too wide) in paragraph at lines 5732--5734
[][] [] 
 []




Overfull \hbox (259.58572pt too wide) has occurred while \output is active
\TU/lmr/m/sl/10 5.6.  ¿CÓMO SABER SI MIS DATOS PRESENTAN UNA DISTRIBUCIÓN NORMAL Y HOMOGENEIDAD DE LAS VARIANCIAS?: \TU/lmr/m/n/10 141
 []

[141]
Overfull \hbox (85.5pt too wide) in paragraph at lines 5753--5753
[]\TU/lmtt/m/n/10 ##   Largo_Sepalo    Ancho_Sepalo    Largo_Petalo    Ancho_Petalo         Especies[] 
 []


Overfull \hbox (80.25pt too wide) in paragraph at lines 5753--5753
[]\TU/lmtt/m/n/10 ##  Min.   :4.300   Min.   :2.000   Min.   :1.000   Min.   :0.100   setosa    :50[] 
 []


Overfull \hbox (80.25pt too wide) in paragraph at lines 5753--5753
[]\TU/lmtt/m/n/10 ##  1st Qu.:5.100   1st Qu.:2.800   1st Qu.:1.600   1st Qu.:0.300   versicolor:50[] 
 []


Overfull \hbox (80.25pt too wide) in paragraph at lines 5753--5753
[]\TU/lmtt/m/n/10 ##  Median :5.800   Median :3.000   Median :4.350   Median :1.300   virginica :50[] 
 []


Underfull \hbox (badness 10000) in paragraph at lines 5755--5757

 []



[142]
Underfull \hbox (badness 10000) in paragraph at lines 5820--5822

 []


Underfull \hbox (badness 10000) in paragraph at lines 5873--5875

 []



[143]

[144]
Underfull \hbox (badness 10000) in paragraph at lines 5900--5901

 []

File: _main_files/figure-latex/unnamed-chunk-245-1.pdf Graphic file (type pdf)
<use _main_files/figure-latex/unnamed-chunk-245-1.pdf>
File: _main_files/figure-latex/unnamed-chunk-246-1.pdf Graphic file (type pdf)
<use _main_files/figure-latex/unnamed-chunk-246-1.pdf>

Underfull \vbox (badness 10000) has occurred while \output is active []



[145]
Underfull \hbox (badness 10000) in paragraph at lines 5919--5920

 []


Underfull \hbox (badness 10000) in paragraph at lines 5929--5930

 []

File: _main_files/figure-latex/unnamed-chunk-247-1.pdf Graphic file (type pdf)
<use _main_files/figure-latex/unnamed-chunk-247-1.pdf>

Underfull \vbox (badness 10000) has occurred while \output is active []



[146]
File: _main_files/figure-latex/unnamed-chunk-247-2.pdf Graphic file (type pdf)
<use _main_files/figure-latex/unnamed-chunk-247-2.pdf>


[147]
File: _main_files/figure-latex/unnamed-chunk-248-1.pdf Graphic file (type pdf)
<use _main_files/figure-latex/unnamed-chunk-248-1.pdf>
File: _main_files/figure-latex/unnamed-chunk-249-1.pdf Graphic file (type pdf)
<use _main_files/figure-latex/unnamed-chunk-249-1.pdf>

Underfull \vbox (badness 10000) has occurred while \output is active []



[148]
Underfull \hbox (badness 10000) in paragraph at lines 5969--5970

 []


Underfull \hbox (badness 10000) in paragraph at lines 5985--5986

 []



[149]
Underfull \hbox (badness 10000) in paragraph at lines 6018--6026

 []


Underfull \hbox (badness 10000) in paragraph at lines 6047--6054

 []



[150]
File: _main_files/figure-latex/unnamed-chunk-253-1.pdf Graphic file (type pdf)
<use _main_files/figure-latex/unnamed-chunk-253-1.pdf>


[151]
File: _main_files/figure-latex/unnamed-chunk-255-1.pdf Graphic file (type pdf)
<use _main_files/figure-latex/unnamed-chunk-255-1.pdf>
File: _main_files/figure-latex/unnamed-chunk-255-2.pdf Graphic file (type pdf)
<use _main_files/figure-latex/unnamed-chunk-255-2.pdf>

Underfull \vbox (badness 1028) has occurred while \output is active []



[152]
Underfull \hbox (badness 10000) in paragraph at lines 6152--6155

 []



[153]
Underfull \hbox (badness 10000) in paragraph at lines 6177--6178

 []


Overfull \hbox (38.25pt too wide) in paragraph at lines 6212--6212
[]\TU/lmtt/m/n/10 ##            Ancho_Sepalo       std  r        se Min Max   Q25 Q50   Q75[] 
 []


Overfull \hbox (38.25pt too wide) in paragraph at lines 6212--6212
[]\TU/lmtt/m/n/10 ## setosa            3.428 0.3790644 50 0.0480391 2.3 4.4 3.200 3.4 3.675[] 
 []


Overfull \hbox (38.25pt too wide) in paragraph at lines 6212--6212
[]\TU/lmtt/m/n/10 ## versicolor        2.770 0.3137983 50 0.0480391 2.0 3.4 2.525 2.8 3.000[] 
 []


Overfull \hbox (38.25pt too wide) in paragraph at lines 6212--6212
[]\TU/lmtt/m/n/10 ## virginica         2.974 0.3224966 50 0.0480391 2.2 3.8 2.800 3.0 3.175[] 
 []


Overfull \hbox (6.75pt too wide) in paragraph at lines 6212--6212
[]\TU/lmtt/m/n/10 ## Treatments with the same letter are not significantly different.[] 
 []



[154]
Underfull \hbox (badness 10000) in paragraph at lines 6214--6216

 []

File: _main_files/figure-latex/unnamed-chunk-259-1.pdf Graphic file (type pdf)
<use _main_files/figure-latex/unnamed-chunk-259-1.pdf>


[155]
Underfull \hbox (badness 10000) in paragraph at lines 6232--6234

 []


Underfull \hbox (badness 10000) in paragraph at lines 6250--6254

 []



[156]
File: _main_files/figure-latex/unnamed-chunk-262-1.pdf Graphic file (type pdf)
<use _main_files/figure-latex/unnamed-chunk-262-1.pdf>
File: _main_files/figure-latex/unnamed-chunk-262-2.pdf Graphic file (type pdf)
<use _main_files/figure-latex/unnamed-chunk-262-2.pdf>

Underfull \vbox (badness 10000) has occurred while \output is active []



[157]
File: _main_files/figure-latex/unnamed-chunk-262-3.pdf Graphic file (type pdf)
<use _main_files/figure-latex/unnamed-chunk-262-3.pdf>
File: _main_files/figure-latex/unnamed-chunk-263-1.pdf Graphic file (type pdf)
<use _main_files/figure-latex/unnamed-chunk-263-1.pdf>

Underfull \vbox (badness 3907) has occurred while \output is active []



[158]
Underfull \hbox (badness 10000) in paragraph at lines 6314--6316

 []



[159]
Underfull \hbox (badness 10000) in paragraph at lines 6355--6357

 []



[160]
Chapter 6.


[161

]

[162

]
Chapter 7.

Underfull \hbox (badness 1694) in paragraph at lines 6397--6397
[]\TU/lmr/bx/n/14.4 Prueba de Mann-Whitney U (Wilcoxon
 []

Missing character: There is no χ (U+03C7) in font [lmroman12-bold]:mapping=tex-text;!
Missing character: There is no τ (U+03C4) in font [lmroman12-bold]:mapping=tex-text;!


[163]

[164

]
Chapter 8.


[165]

[166

]
Chapter 9.


[167]

[168

]
Chapter 10.


[169] (./_main.aux)
 ***********
LaTeX2e <2024-11-01> patch level 2
L3 programming layer <2025-01-18>
 ***********

LaTeX Warning: There were multiply-defined labels.

 ) 
Here is how much of TeX's memory you used:
 18616 strings out of 475845
 363090 string characters out of 5773190
 875699 words of memory out of 5000000
 41235 multiletter control sequences out of 15000+600000
 565368 words of font info for 99 fonts, out of 8000000 for 9000
 14 hyphenation exceptions out of 8191
 90i,8n,114p,571b,567s stack positions out of 10000i,1000n,20000p,200000b,200000s

Output written on _main.pdf (169 pages).
